mode: atomic
github.com/rackerlabs/openCenter-cli/internal/services/plugin.go:98.64,100.16 2 27
github.com/rackerlabs/openCenter-cli/internal/services/plugin.go:100.16,102.3 1 0
github.com/rackerlabs/openCenter-cli/internal/services/plugin.go:104.2,105.56 2 27
github.com/rackerlabs/openCenter-cli/internal/services/plugin.go:105.56,107.3 1 1
github.com/rackerlabs/openCenter-cli/internal/services/plugin.go:110.2,110.25 1 26
github.com/rackerlabs/openCenter-cli/internal/services/plugin.go:110.25,112.3 1 1
github.com/rackerlabs/openCenter-cli/internal/services/plugin.go:113.2,113.28 1 25
github.com/rackerlabs/openCenter-cli/internal/services/plugin.go:113.28,115.3 1 3
github.com/rackerlabs/openCenter-cli/internal/services/plugin.go:116.2,116.25 1 22
github.com/rackerlabs/openCenter-cli/internal/services/plugin.go:116.25,118.3 1 3
github.com/rackerlabs/openCenter-cli/internal/services/plugin.go:120.2,120.23 1 22
github.com/rackerlabs/openCenter-cli/internal/services/plugin.go:124.79,126.16 2 15
github.com/rackerlabs/openCenter-cli/internal/services/plugin.go:126.16,127.25 1 1
github.com/rackerlabs/openCenter-cli/internal/services/plugin.go:127.25,129.4 1 1
github.com/rackerlabs/openCenter-cli/internal/services/plugin.go:130.3,130.70 1 0
github.com/rackerlabs/openCenter-cli/internal/services/plugin.go:133.2,134.32 2 14
github.com/rackerlabs/openCenter-cli/internal/services/plugin.go:134.32,135.20 1 22
github.com/rackerlabs/openCenter-cli/internal/services/plugin.go:135.20,136.12 1 0
github.com/rackerlabs/openCenter-cli/internal/services/plugin.go:140.3,141.68 2 22
github.com/rackerlabs/openCenter-cli/internal/services/plugin.go:141.68,142.12 1 1
github.com/rackerlabs/openCenter-cli/internal/services/plugin.go:145.3,147.17 3 21
github.com/rackerlabs/openCenter-cli/internal/services/plugin.go:147.17,149.4 1 2
github.com/rackerlabs/openCenter-cli/internal/services/plugin.go:151.3,151.42 1 19
github.com/rackerlabs/openCenter-cli/internal/services/plugin.go:154.2,154.23 1 12
github.com/rackerlabs/openCenter-cli/internal/services/plugin.go:158.62,159.21 1 31
github.com/rackerlabs/openCenter-cli/internal/services/plugin.go:159.21,161.3 1 1
github.com/rackerlabs/openCenter-cli/internal/services/plugin.go:163.2,163.25 1 30
github.com/rackerlabs/openCenter-cli/internal/services/plugin.go:163.25,165.3 1 2
github.com/rackerlabs/openCenter-cli/internal/services/plugin.go:167.2,167.28 1 28
github.com/rackerlabs/openCenter-cli/internal/services/plugin.go:167.28,169.3 1 1
github.com/rackerlabs/openCenter-cli/internal/services/plugin.go:172.2,183.32 2 27
github.com/rackerlabs/openCenter-cli/internal/services/plugin.go:183.32,185.3 1 1
github.com/rackerlabs/openCenter-cli/internal/services/plugin.go:187.2,187.12 1 26
github.com/rackerlabs/openCenter-cli/internal/services/registry.go:66.43,70.2 1 41
github.com/rackerlabs/openCenter-cli/internal/services/registry.go:73.83,77.24 3 81
github.com/rackerlabs/openCenter-cli/internal/services/registry.go:77.24,79.3 1 1
github.com/rackerlabs/openCenter-cli/internal/services/registry.go:81.2,81.51 1 80
github.com/rackerlabs/openCenter-cli/internal/services/registry.go:81.51,83.3 1 1
github.com/rackerlabs/openCenter-cli/internal/services/registry.go:86.2,86.43 1 79
github.com/rackerlabs/openCenter-cli/internal/services/registry.go:86.43,87.26 1 64
github.com/rackerlabs/openCenter-cli/internal/services/registry.go:87.26,89.4 1 2
github.com/rackerlabs/openCenter-cli/internal/services/registry.go:92.2,93.12 2 77
github.com/rackerlabs/openCenter-cli/internal/services/registry.go:97.116,98.21 1 20
github.com/rackerlabs/openCenter-cli/internal/services/registry.go:98.21,100.3 1 1
github.com/rackerlabs/openCenter-cli/internal/services/registry.go:102.2,102.19 1 19
github.com/rackerlabs/openCenter-cli/internal/services/registry.go:102.19,104.3 1 1
github.com/rackerlabs/openCenter-cli/internal/services/registry.go:107.2,107.51 1 18
github.com/rackerlabs/openCenter-cli/internal/services/registry.go:107.51,109.3 1 1
github.com/rackerlabs/openCenter-cli/internal/services/registry.go:112.2,112.36 1 17
github.com/rackerlabs/openCenter-cli/internal/services/registry.go:112.36,114.3 1 1
github.com/rackerlabs/openCenter-cli/internal/services/registry.go:117.2,130.35 2 16
github.com/rackerlabs/openCenter-cli/internal/services/registry.go:134.85,139.13 4 11
github.com/rackerlabs/openCenter-cli/internal/services/registry.go:139.13,141.3 1 1
github.com/rackerlabs/openCenter-cli/internal/services/registry.go:143.2,143.21 1 10
github.com/rackerlabs/openCenter-cli/internal/services/registry.go:147.93,152.37 4 0
github.com/rackerlabs/openCenter-cli/internal/services/registry.go:152.37,156.3 1 0
github.com/rackerlabs/openCenter-cli/internal/services/registry.go:158.2,158.16 1 0
github.com/rackerlabs/openCenter-cli/internal/services/registry.go:162.102,167.62 3 17
github.com/rackerlabs/openCenter-cli/internal/services/registry.go:167.62,169.3 1 8
github.com/rackerlabs/openCenter-cli/internal/services/registry.go:172.2,176.34 4 9
github.com/rackerlabs/openCenter-cli/internal/services/registry.go:176.34,177.20 1 31
github.com/rackerlabs/openCenter-cli/internal/services/registry.go:177.20,179.4 1 4
github.com/rackerlabs/openCenter-cli/internal/services/registry.go:181.3,182.14 2 27
github.com/rackerlabs/openCenter-cli/internal/services/registry.go:182.14,184.4 1 0
github.com/rackerlabs/openCenter-cli/internal/services/registry.go:187.3,187.44 1 27
github.com/rackerlabs/openCenter-cli/internal/services/registry.go:187.44,188.37 1 21
github.com/rackerlabs/openCenter-cli/internal/services/registry.go:188.37,190.5 1 0
github.com/rackerlabs/openCenter-cli/internal/services/registry.go:193.3,195.13 3 27
github.com/rackerlabs/openCenter-cli/internal/services/registry.go:199.2,199.32 1 9
github.com/rackerlabs/openCenter-cli/internal/services/registry.go:199.32,200.37 1 10
github.com/rackerlabs/openCenter-cli/internal/services/registry.go:200.37,202.4 1 0
github.com/rackerlabs/openCenter-cli/internal/services/registry.go:205.2,205.20 1 9
github.com/rackerlabs/openCenter-cli/internal/services/registry.go:209.80,213.32 3 7
github.com/rackerlabs/openCenter-cli/internal/services/registry.go:213.32,215.14 2 7
github.com/rackerlabs/openCenter-cli/internal/services/registry.go:215.14,217.4 1 0
github.com/rackerlabs/openCenter-cli/internal/services/registry.go:220.3,220.44 1 7
github.com/rackerlabs/openCenter-cli/internal/services/registry.go:220.44,221.45 1 8
github.com/rackerlabs/openCenter-cli/internal/services/registry.go:221.45,223.5 1 2
github.com/rackerlabs/openCenter-cli/internal/services/registry.go:228.2,228.46 1 5
github.com/rackerlabs/openCenter-cli/internal/services/registry.go:232.85,237.49 4 22
github.com/rackerlabs/openCenter-cli/internal/services/registry.go:237.49,238.21 1 78
github.com/rackerlabs/openCenter-cli/internal/services/registry.go:238.21,242.4 2 10
github.com/rackerlabs/openCenter-cli/internal/services/registry.go:244.3,244.20 1 68
github.com/rackerlabs/openCenter-cli/internal/services/registry.go:244.20,246.4 1 5
github.com/rackerlabs/openCenter-cli/internal/services/registry.go:248.3,249.14 2 63
github.com/rackerlabs/openCenter-cli/internal/services/registry.go:249.14,251.4 1 1
github.com/rackerlabs/openCenter-cli/internal/services/registry.go:253.3,256.44 3 62
github.com/rackerlabs/openCenter-cli/internal/services/registry.go:256.44,257.43 1 55
github.com/rackerlabs/openCenter-cli/internal/services/registry.go:257.43,259.5 1 30
github.com/rackerlabs/openCenter-cli/internal/services/registry.go:262.3,264.13 3 32
github.com/rackerlabs/openCenter-cli/internal/services/registry.go:267.2,267.32 1 22
github.com/rackerlabs/openCenter-cli/internal/services/registry.go:267.32,268.49 1 23
github.com/rackerlabs/openCenter-cli/internal/services/registry.go:268.49,270.4 1 11
github.com/rackerlabs/openCenter-cli/internal/services/registry.go:273.2,273.12 1 11
github.com/rackerlabs/openCenter-cli/internal/services/registry.go:277.69,282.37 4 7
github.com/rackerlabs/openCenter-cli/internal/services/registry.go:282.37,284.3 1 10
github.com/rackerlabs/openCenter-cli/internal/services/registry.go:286.2,286.17 1 7
github.com/rackerlabs/openCenter-cli/internal/services/registry.go:290.79,292.16 2 10
github.com/rackerlabs/openCenter-cli/internal/services/registry.go:292.16,294.3 1 1
github.com/rackerlabs/openCenter-cli/internal/services/registry.go:296.2,296.37 1 9
github.com/rackerlabs/openCenter-cli/internal/services/registry.go:296.37,304.66 2 15
github.com/rackerlabs/openCenter-cli/internal/services/registry.go:304.66,306.4 1 0
github.com/rackerlabs/openCenter-cli/internal/services/registry.go:309.2,309.12 1 9
github.com/rackerlabs/openCenter-cli/internal/services/registry.go:318.44,320.2 1 15
github.com/rackerlabs/openCenter-cli/internal/services/registry.go:322.49,324.2 1 0
github.com/rackerlabs/openCenter-cli/internal/services/registry.go:326.65,328.2 1 0
github.com/rackerlabs/openCenter-cli/internal/services/registry.go:330.107,332.2 1 0
github.com/rackerlabs/openCenter-cli/internal/services/registry.go:334.71,339.2 1 0
